<?xml version="1.0" encoding="UTF-8"?>
<testsuite xmlns:xsi="http://www.w3.org/2001/XMLSchema-instance" xsi:noNamespaceSchemaLocation="https://maven.apache.org/surefire/maven-surefire-plugin/xsd/surefire-test-report.xsd" name="TestSuite" time="30.011" tests="1" errors="0" skipped="0" failures="1">
  <properties>
    <property name="sun.desktop" value="gnome"/>
    <property name="awt.toolkit" value="sun.awt.X11.XToolkit"/>
    <property name="java.specification.version" value="9"/>
    <property name="file.encoding.pkg" value="sun.io"/>
    <property name="sun.cpu.isalist" value=""/>
    <property name="sun.jnu.encoding" value="UTF-8"/>
    <property name="java.class.path" value="/home/mshaik/eclipse-workspace/Auto/target/test-classes:/home/mshaik/eclipse-workspace/Auto/target/classes:/home/mshaik/.m2/repository/org/testng/testng/6.14.3/testng-6.14.3.jar:/home/mshaik/.m2/repository/org/apache-extras/beanshell/bsh/2.0b6/bsh-2.0b6.jar:/home/mshaik/.m2/repository/org/seleniumhq/selenium/selenium-server/3.7.1/selenium-server-3.7.1.jar:/home/mshaik/.m2/repository/org/seleniumhq/selenium/selenium-java/3.7.1/selenium-java-3.7.1.jar:/home/mshaik/.m2/repository/org/seleniumhq/selenium/selenium-api/3.7.1/selenium-api-3.7.1.jar:/home/mshaik/.m2/repository/org/seleniumhq/selenium/selenium-chrome-driver/3.7.1/selenium-chrome-driver-3.7.1.jar:/home/mshaik/.m2/repository/org/seleniumhq/selenium/selenium-edge-driver/3.7.1/selenium-edge-driver-3.7.1.jar:/home/mshaik/.m2/repository/org/seleniumhq/selenium/selenium-firefox-driver/3.7.1/selenium-firefox-driver-3.7.1.jar:/home/mshaik/.m2/repository/org/seleniumhq/selenium/selenium-ie-driver/3.7.1/selenium-ie-driver-3.7.1.jar:/home/mshaik/.m2/repository/org/seleniumhq/selenium/selenium-opera-driver/3.7.1/selenium-opera-driver-3.7.1.jar:/home/mshaik/.m2/repository/org/seleniumhq/selenium/selenium-remote-driver/3.7.1/selenium-remote-driver-3.7.1.jar:/home/mshaik/.m2/repository/org/seleniumhq/selenium/selenium-safari-driver/3.7.1/selenium-safari-driver-3.7.1.jar:/home/mshaik/.m2/repository/org/seleniumhq/selenium/selenium-support/3.7.1/selenium-support-3.7.1.jar:/home/mshaik/.m2/repository/net/bytebuddy/byte-buddy/1.7.5/byte-buddy-1.7.5.jar:/home/mshaik/.m2/repository/org/apache/commons/commons-exec/1.3/commons-exec-1.3.jar:/home/mshaik/.m2/repository/org/apache/commons/commons-lang3/3.5/commons-lang3-3.5.jar:/home/mshaik/.m2/repository/commons-codec/commons-codec/1.10/commons-codec-1.10.jar:/home/mshaik/.m2/repository/commons-io/commons-io/2.5/commons-io-2.5.jar:/home/mshaik/.m2/repository/commons-logging/commons-logging/1.2/commons-logging-1.2.jar:/home/mshaik/.m2/repository/org/w3c/css/sac/1.3/sac-1.3.jar:/home/mshaik/.m2/repository/net/sourceforge/cssparser/cssparser/0.9.23/cssparser-0.9.23.jar:/home/mshaik/.m2/repository/com/google/code/gson/gson/2.8.2/gson-2.8.2.jar:/home/mshaik/.m2/repository/com/google/guava/guava/23.0/guava-23.0.jar:/home/mshaik/.m2/repository/com/google/code/findbugs/jsr305/1.3.9/jsr305-1.3.9.jar:/home/mshaik/.m2/repository/com/google/errorprone/error_prone_annotations/2.0.18/error_prone_annotations-2.0.18.jar:/home/mshaik/.m2/repository/com/google/j2objc/j2objc-annotations/1.1/j2objc-annotations-1.1.jar:/home/mshaik/.m2/repository/org/codehaus/mojo/animal-sniffer-annotations/1.14/animal-sniffer-annotations-1.14.jar:/home/mshaik/.m2/repository/net/sourceforge/htmlunit/htmlunit/2.27/htmlunit-2.27.jar:/home/mshaik/.m2/repository/net/sourceforge/htmlunit/htmlunit-core-js/2.27/htmlunit-core-js-2.27.jar:/home/mshaik/.m2/repository/net/sourceforge/htmlunit/neko-htmlunit/2.27/neko-htmlunit-2.27.jar:/home/mshaik/.m2/repository/org/apache/httpcomponents/httpclient/4.5.3/httpclient-4.5.3.jar:/home/mshaik/.m2/repository/org/apache/httpcomponents/httpcore/4.4.6/httpcore-4.4.6.jar:/home/mshaik/.m2/repository/org/apache/httpcomponents/httpmime/4.5.3/httpmime-4.5.3.jar:/home/mshaik/.m2/repository/net/jcip/jcip-annotations/1.0/jcip-annotations-1.0.jar:/home/mshaik/.m2/repository/org/seleniumhq/selenium/jetty-repacked/9.4.5.v20170502/jetty-repacked-9.4.5.v20170502.jar:/home/mshaik/.m2/repository/org/eclipse/jetty/jetty-client/9.4.5.v20170502/jetty-client-9.4.5.v20170502.jar:/home/mshaik/.m2/repository/org/eclipse/jetty/jetty-http/9.4.5.v20170502/jetty-http-9.4.5.v20170502.jar:/home/mshaik/.m2/repository/org/eclipse/jetty/jetty-io/9.4.5.v20170502/jetty-io-9.4.5.v20170502.jar:/home/mshaik/.m2/repository/org/eclipse/jetty/jetty-util/9.4.5.v20170502/jetty-util-9.4.5.v20170502.jar:/home/mshaik/.m2/repository/com/codeborne/phantomjsdriver/1.4.0/phantomjsdriver-1.4.0.jar:/home/mshaik/.m2/repository/org/seleniumhq/selenium/htmlunit-driver/2.27/htmlunit-driver-2.27.jar:/home/mshaik/.m2/repository/javax/servlet/javax.servlet-api/3.1.0/javax.servlet-api-3.1.0.jar:/home/mshaik/.m2/repository/org/eclipse/jetty/websocket/websocket-api/9.4.5.v20170502/websocket-api-9.4.5.v20170502.jar:/home/mshaik/.m2/repository/org/eclipse/jetty/websocket/websocket-client/9.4.5.v20170502/websocket-client-9.4.5.v20170502.jar:/home/mshaik/.m2/repository/org/eclipse/jetty/websocket/websocket-common/9.4.5.v20170502/websocket-common-9.4.5.v20170502.jar:/home/mshaik/.m2/repository/xalan/serializer/2.7.2/serializer-2.7.2.jar:/home/mshaik/.m2/repository/xalan/xalan/2.7.2/xalan-2.7.2.jar:/home/mshaik/.m2/repository/xerces/xercesImpl/2.11.0/xercesImpl-2.11.0.jar:/home/mshaik/.m2/repository/xml-apis/xml-apis/1.4.01/xml-apis-1.4.01.jar:/home/mshaik/.m2/repository/org/yaml/snakeyaml/1.15/snakeyaml-1.15.jar:/home/mshaik/.m2/repository/com/beust/jcommander/1.72/jcommander-1.72.jar:/home/mshaik/.m2/repository/org/apache/maven/surefire/surefire-testng-utils/2.22.0/surefire-testng-utils-2.22.0.jar:/home/mshaik/.m2/repository/org/apache/maven/surefire/surefire-grouper/2.22.0/surefire-grouper-2.22.0.jar:"/>
    <property name="java.vm.vendor" value="Oracle Corporation"/>
    <property name="sun.arch.data.model" value="64"/>
    <property name="java.vendor.url" value="http://java.oracle.com/"/>
    <property name="user.timezone" value=""/>
    <property name="java.vm.specification.version" value="9"/>
    <property name="os.name" value="Linux"/>
    <property name="sun.java.launcher" value="SUN_STANDARD"/>
    <property name="user.country" value="IN"/>
    <property name="sun.boot.library.path" value="/usr/lib/jvm/java-9-oracle/lib"/>
    <property name="sun.java.command" value="/home/mshaik/eclipse-workspace/Auto/target/surefire/surefirebooter6372394486891956813.jar /home/mshaik/eclipse-workspace/Auto/target/surefire 2018-08-21T18-37-49_470-jvmRun1 surefire6094649042665828286tmp surefire_012927835080174634062tmp"/>
    <property name="jdk.debug" value="release"/>
    <property name="surefire.test.class.path" value="/home/mshaik/eclipse-workspace/Auto/target/test-classes:/home/mshaik/eclipse-workspace/Auto/target/classes:/home/mshaik/.m2/repository/org/testng/testng/6.14.3/testng-6.14.3.jar:/home/mshaik/.m2/repository/org/apache-extras/beanshell/bsh/2.0b6/bsh-2.0b6.jar:/home/mshaik/.m2/repository/org/seleniumhq/selenium/selenium-server/3.7.1/selenium-server-3.7.1.jar:/home/mshaik/.m2/repository/org/seleniumhq/selenium/selenium-java/3.7.1/selenium-java-3.7.1.jar:/home/mshaik/.m2/repository/org/seleniumhq/selenium/selenium-api/3.7.1/selenium-api-3.7.1.jar:/home/mshaik/.m2/repository/org/seleniumhq/selenium/selenium-chrome-driver/3.7.1/selenium-chrome-driver-3.7.1.jar:/home/mshaik/.m2/repository/org/seleniumhq/selenium/selenium-edge-driver/3.7.1/selenium-edge-driver-3.7.1.jar:/home/mshaik/.m2/repository/org/seleniumhq/selenium/selenium-firefox-driver/3.7.1/selenium-firefox-driver-3.7.1.jar:/home/mshaik/.m2/repository/org/seleniumhq/selenium/selenium-ie-driver/3.7.1/selenium-ie-driver-3.7.1.jar:/home/mshaik/.m2/repository/org/seleniumhq/selenium/selenium-opera-driver/3.7.1/selenium-opera-driver-3.7.1.jar:/home/mshaik/.m2/repository/org/seleniumhq/selenium/selenium-remote-driver/3.7.1/selenium-remote-driver-3.7.1.jar:/home/mshaik/.m2/repository/org/seleniumhq/selenium/selenium-safari-driver/3.7.1/selenium-safari-driver-3.7.1.jar:/home/mshaik/.m2/repository/org/seleniumhq/selenium/selenium-support/3.7.1/selenium-support-3.7.1.jar:/home/mshaik/.m2/repository/net/bytebuddy/byte-buddy/1.7.5/byte-buddy-1.7.5.jar:/home/mshaik/.m2/repository/org/apache/commons/commons-exec/1.3/commons-exec-1.3.jar:/home/mshaik/.m2/repository/org/apache/commons/commons-lang3/3.5/commons-lang3-3.5.jar:/home/mshaik/.m2/repository/commons-codec/commons-codec/1.10/commons-codec-1.10.jar:/home/mshaik/.m2/repository/commons-io/commons-io/2.5/commons-io-2.5.jar:/home/mshaik/.m2/repository/commons-logging/commons-logging/1.2/commons-logging-1.2.jar:/home/mshaik/.m2/repository/org/w3c/css/sac/1.3/sac-1.3.jar:/home/mshaik/.m2/repository/net/sourceforge/cssparser/cssparser/0.9.23/cssparser-0.9.23.jar:/home/mshaik/.m2/repository/com/google/code/gson/gson/2.8.2/gson-2.8.2.jar:/home/mshaik/.m2/repository/com/google/guava/guava/23.0/guava-23.0.jar:/home/mshaik/.m2/repository/com/google/code/findbugs/jsr305/1.3.9/jsr305-1.3.9.jar:/home/mshaik/.m2/repository/com/google/errorprone/error_prone_annotations/2.0.18/error_prone_annotations-2.0.18.jar:/home/mshaik/.m2/repository/com/google/j2objc/j2objc-annotations/1.1/j2objc-annotations-1.1.jar:/home/mshaik/.m2/repository/org/codehaus/mojo/animal-sniffer-annotations/1.14/animal-sniffer-annotations-1.14.jar:/home/mshaik/.m2/repository/net/sourceforge/htmlunit/htmlunit/2.27/htmlunit-2.27.jar:/home/mshaik/.m2/repository/net/sourceforge/htmlunit/htmlunit-core-js/2.27/htmlunit-core-js-2.27.jar:/home/mshaik/.m2/repository/net/sourceforge/htmlunit/neko-htmlunit/2.27/neko-htmlunit-2.27.jar:/home/mshaik/.m2/repository/org/apache/httpcomponents/httpclient/4.5.3/httpclient-4.5.3.jar:/home/mshaik/.m2/repository/org/apache/httpcomponents/httpcore/4.4.6/httpcore-4.4.6.jar:/home/mshaik/.m2/repository/org/apache/httpcomponents/httpmime/4.5.3/httpmime-4.5.3.jar:/home/mshaik/.m2/repository/net/jcip/jcip-annotations/1.0/jcip-annotations-1.0.jar:/home/mshaik/.m2/repository/org/seleniumhq/selenium/jetty-repacked/9.4.5.v20170502/jetty-repacked-9.4.5.v20170502.jar:/home/mshaik/.m2/repository/org/eclipse/jetty/jetty-client/9.4.5.v20170502/jetty-client-9.4.5.v20170502.jar:/home/mshaik/.m2/repository/org/eclipse/jetty/jetty-http/9.4.5.v20170502/jetty-http-9.4.5.v20170502.jar:/home/mshaik/.m2/repository/org/eclipse/jetty/jetty-io/9.4.5.v20170502/jetty-io-9.4.5.v20170502.jar:/home/mshaik/.m2/repository/org/eclipse/jetty/jetty-util/9.4.5.v20170502/jetty-util-9.4.5.v20170502.jar:/home/mshaik/.m2/repository/com/codeborne/phantomjsdriver/1.4.0/phantomjsdriver-1.4.0.jar:/home/mshaik/.m2/repository/org/seleniumhq/selenium/htmlunit-driver/2.27/htmlunit-driver-2.27.jar:/home/mshaik/.m2/repository/javax/servlet/javax.servlet-api/3.1.0/javax.servlet-api-3.1.0.jar:/home/mshaik/.m2/repository/org/eclipse/jetty/websocket/websocket-api/9.4.5.v20170502/websocket-api-9.4.5.v20170502.jar:/home/mshaik/.m2/repository/org/eclipse/jetty/websocket/websocket-client/9.4.5.v20170502/websocket-client-9.4.5.v20170502.jar:/home/mshaik/.m2/repository/org/eclipse/jetty/websocket/websocket-common/9.4.5.v20170502/websocket-common-9.4.5.v20170502.jar:/home/mshaik/.m2/repository/xalan/serializer/2.7.2/serializer-2.7.2.jar:/home/mshaik/.m2/repository/xalan/xalan/2.7.2/xalan-2.7.2.jar:/home/mshaik/.m2/repository/xerces/xercesImpl/2.11.0/xercesImpl-2.11.0.jar:/home/mshaik/.m2/repository/xml-apis/xml-apis/1.4.01/xml-apis-1.4.01.jar:/home/mshaik/.m2/repository/org/yaml/snakeyaml/1.15/snakeyaml-1.15.jar:/home/mshaik/.m2/repository/com/beust/jcommander/1.72/jcommander-1.72.jar:/home/mshaik/.m2/repository/org/apache/maven/surefire/surefire-testng-utils/2.22.0/surefire-testng-utils-2.22.0.jar:/home/mshaik/.m2/repository/org/apache/maven/surefire/surefire-grouper/2.22.0/surefire-grouper-2.22.0.jar:"/>
    <property name="sun.cpu.endian" value="little"/>
    <property name="user.home" value="/home/mshaik"/>
    <property name="user.language" value="en"/>
    <property name="java.specification.vendor" value="Oracle Corporation"/>
    <property name="java.home" value="/usr/lib/jvm/java-9-oracle"/>
    <property name="file.separator" value="/"/>
    <property name="basedir" value="/home/mshaik/eclipse-workspace/Auto"/>
    <property name="java.vm.compressedOopsMode" value="32-bit"/>
    <property name="line.separator" value="&#10;"/>
    <property name="java.vm.specification.vendor" value="Oracle Corporation"/>
    <property name="java.specification.name" value="Java Platform API Specification"/>
    <property name="java.awt.graphicsenv" value="sun.awt.X11GraphicsEnvironment"/>
    <property name="surefire.real.class.path" value="/home/mshaik/eclipse-workspace/Auto/target/surefire/surefirebooter6372394486891956813.jar"/>
    <property name="sun.management.compiler" value="HotSpot 64-Bit Tiered Compilers"/>
    <property name="java.runtime.version" value="9.0.4+11"/>
    <property name="user.name" value="mshaik"/>
    <property name="path.separator" value=":"/>
    <property name="os.version" value="4.2.0-27-generic"/>
    <property name="java.runtime.name" value="Java(TM) SE Runtime Environment"/>
    <property name="file.encoding" value="UTF-8"/>
    <property name="java.vm.name" value="Java HotSpot(TM) 64-Bit Server VM"/>
    <property name="localRepository" value="/home/mshaik/.m2/repository"/>
    <property name="java.vendor.url.bug" value="http://bugreport.java.com/bugreport/"/>
    <property name="java.io.tmpdir" value="/tmp"/>
    <property name="java.version" value="9.0.4"/>
    <property name="user.dir" value="/home/mshaik/eclipse-workspace/Auto"/>
    <property name="os.arch" value="amd64"/>
    <property name="java.vm.specification.name" value="Java Virtual Machine Specification"/>
    <property name="java.awt.printerjob" value="sun.print.PSPrinterJob"/>
    <property name="sun.os.patch.level" value="unknown"/>
    <property name="java.library.path" value="/usr/java/packages/lib:/usr/lib64:/lib64:/lib:/usr/lib"/>
    <property name="java.vm.info" value="mixed mode"/>
    <property name="java.vendor" value="Oracle Corporation"/>
    <property name="java.vm.version" value="9.0.4+11"/>
    <property name="sun.io.unicode.encoding" value="UnicodeLittle"/>
    <property name="java.class.version" value="53.0"/>
  </properties>
  <testcase name="regi" classname="automationFramework.Regi2" time="25.179">
    <failure message="no such window: target window already closed&#10;from unknown error: web view not found&#10;  (Session info: chrome=64.0.3282.167)&#10;  (Driver info: chromedriver=2.33.506092 (733a02544d189eeb751fe0d7ddca79a0ee28cce4),platform=Linux 4.2.0-27-generic x86_64) (WARNING: The server did not provide any stacktrace information)&#10;Command duration or timeout: 0 milliseconds&#10;Build info: version: &apos;3.7.1&apos;, revision: &apos;8a0099a&apos;, time: &apos;2017-11-06T21:01:39.354Z&apos;&#10;System info: host: &apos;mshaik&apos;, ip: &apos;127.0.1.1&apos;, os.name: &apos;Linux&apos;, os.arch: &apos;amd64&apos;, os.version: &apos;4.2.0-27-generic&apos;, java.version: &apos;9.0.4&apos;&#10;Driver info: org.openqa.selenium.chrome.ChromeDriver&#10;Capabilities {acceptSslCerts: true, applicationCacheEnabled: false, browserConnectionEnabled: false, browserName: chrome, chrome: {chromedriverVersion: 2.33.506092 (733a02544d189e..., userDataDir: /tmp/.org.chromium.Chromium...}, cssSelectorsEnabled: true, databaseEnabled: false, handlesAlerts: true, hasTouchScreen: false, javascriptEnabled: true, locationContextEnabled: true, mobileEmulationEnabled: false, nativeEvents: true, networkConnectionEnabled: false, pageLoadStrategy: normal, platform: LINUX, platformName: LINUX, rotatable: false, setWindowRect: true, takesHeapSnapshot: true, takesScreenshot: true, unexpectedAlertBehaviour: , unhandledPromptBehavior: , version: 64.0.3282.167, webStorageEnabled: true}&#10;Session ID: 7284d15da7528f470b7a0e3906944eb5&#10;*** Element info: {Using=css selector, value=button.btn}" type="org.openqa.selenium.NoSuchWindowException">org.openqa.selenium.NoSuchWindowException: 
no such window: target window already closed
from unknown error: web view not found
  (Session info: chrome=64.0.3282.167)
  (Driver info: chromedriver=2.33.506092 (733a02544d189eeb751fe0d7ddca79a0ee28cce4),platform=Linux 4.2.0-27-generic x86_64) (WARNING: The server did not provide any stacktrace information)
Command duration or timeout: 0 milliseconds
Build info: version: '3.7.1', revision: '8a0099a', time: '2017-11-06T21:01:39.354Z'
System info: host: 'mshaik', ip: '127.0.1.1', os.name: 'Linux', os.arch: 'amd64', os.version: '4.2.0-27-generic', java.version: '9.0.4'
Driver info: org.openqa.selenium.chrome.ChromeDriver
Capabilities {acceptSslCerts: true, applicationCacheEnabled: false, browserConnectionEnabled: false, browserName: chrome, chrome: {chromedriverVersion: 2.33.506092 (733a02544d189e..., userDataDir: /tmp/.org.chromium.Chromium...}, cssSelectorsEnabled: true, databaseEnabled: false, handlesAlerts: true, hasTouchScreen: false, javascriptEnabled: true, locationContextEnabled: true, mobileEmulationEnabled: false, nativeEvents: true, networkConnectionEnabled: false, pageLoadStrategy: normal, platform: LINUX, platformName: LINUX, rotatable: false, setWindowRect: true, takesHeapSnapshot: true, takesScreenshot: true, unexpectedAlertBehaviour: , unhandledPromptBehavior: , version: 64.0.3282.167, webStorageEnabled: true}
Session ID: 7284d15da7528f470b7a0e3906944eb5
*** Element info: {Using=css selector, value=button.btn}
	at automationFramework.Regi2.regi(Regi2.java:89)
</failure>
    <system-out><![CDATA[https://invcss.invecas.com/ims-web/register/captcha?captchaString=wJV848HYHaV2/DaaYgwmMw==
wJV848HYHaV2/DaaYgwmMw==
FCGY23
]]></system-out>
    <system-err><![CDATA[Starting ChromeDriver 2.33.506092 (733a02544d189eeb751fe0d7ddca79a0ee28cce4) on port 4137
Only local connections are allowed.
Aug 21, 2018 6:37:54 PM org.openqa.selenium.remote.ProtocolHandshake createSession
INFO: Detected dialect: OSS
Starting ChromeDriver 2.33.506092 (733a02544d189eeb751fe0d7ddca79a0ee28cce4) on port 15019
Only local connections are allowed.
Aug 21, 2018 6:37:59 PM org.openqa.selenium.remote.ProtocolHandshake createSession
INFO: Detected dialect: OSS
[24.117][SEVERE]: Unable to receive message from renderer
]]></system-err>
  </testcase>
</testsuite>