<?xml version="1.0" encoding="UTF-8"?>
<!-- Generated by org.testng.reporters.JUnitReportReporter -->
<testsuite hostname="mshaik" failures="0" tests="1" name="Testing" time="0.008" errors="0" timestamp="21 Aug 2018 11:58:12 GMT" skipped="0">
  <testcase classname="Testing" name="test" time="0.008"/>
</testsuite> <!-- Testing -->
